<?xml version="1.0" encoding="UTF-8"?>
<!-- Generated by org.testng.reporters.JUnitXMLReporter -->
<testsuite ignored="0" hostname="DELL" failures="1" tests="1" name="Default test(failed)" time="17.229" errors="0" timestamp="2025-07-25T15:06:18 IST">
  <testcase classname="io.cucumber.testng.AbstractTestNGCucumberTests" name="runScenario" time="16.305">
    <failure type="java.lang.AssertionError" message="expected [true] but found [false]">
      <![CDATA[java.lang.AssertionError: expected [true] but found [false]
at Selenium.stepDefination.stepDefinationImpli.Checkout_Submit_order(stepDefinationImpli.java:49)
at âœ½.Checkout product ADIDAS ORIGINAL and submit the order(file:///C:/Users/ADMIN/git/SeleniumFrameworkDesign_TestNg_Cucumber/src/test/java/cucumber/SubmitOrder.feature:29)
... Removed 4 stack frames]]>
    </failure>
  </testcase> <!-- runScenario -->
</testsuite> <!-- Default test(failed) -->
