<?xml version="1.0" encoding="UTF-8"?>
<!-- Generated by org.testng.reporters.JUnitXMLReporter -->
<testsuite ignored="0" hostname="DELL" failures="1" tests="1" name="Default test" time="13.413" errors="0" timestamp="2025-07-25T15:07:09 IST">
  <testcase classname="io.cucumber.testng.AbstractTestNGCucumberTests" name="runScenario" time="12.615">
    <failure type="java.lang.AssertionError" message="expected [true] but found [false]">
      <![CDATA[java.lang.AssertionError: expected [true] but found [false]
at org.testng.Assert.fail(Assert.java:111)
at org.testng.Assert.failNotEquals(Assert.java:1578)
at org.testng.Assert.assertTrue(Assert.java:57)
at org.testng.Assert.assertTrue(Assert.java:67)
at Selenium.stepDefination.stepDefinationImpli.Checkout_Submit_order(stepDefinationImpli.java:49)
at âœ½.Checkout product ADIDAS ORIGINAL and submit the order(file:///C:/Users/ADMIN/git/SeleniumFrameworkDesign_TestNg_Cucumber/src/test/java/cucumber/SubmitOrder.feature:29)
]]>
    </failure>
  </testcase> <!-- runScenario -->
</testsuite> <!-- Default test -->
