<?xml version="1.0" encoding="UTF-8"?>
<!-- Generated by org.testng.reporters.JUnitXMLReporter -->
<testsuite ignored="0" hostname="DELL" failures="1" tests="4" name="errorValidationTest" time="29.772" errors="0" timestamp="2025-07-28T16:25:33 IST">
  <testcase classname="Selenium.test.errorValidationTest" name="LoginErrorValidation" time="1.096">
    <skipped/>
  </testcase> <!-- LoginErrorValidation -->
  <testcase classname="Selenium.test.errorValidationTest" name="LoginErrorValidation" time="0.638">
    <skipped/>
  </testcase> <!-- LoginErrorValidation -->
  <testcase classname="Selenium.test.errorValidationTest" name="LoginErrorValidation" time="0.625">
    <failure type="java.lang.AssertionError" message="expected [Incorrect email or password.] but found [Incorrect email or password.tttttt]">
      <![CDATA[java.lang.AssertionError: expected [Incorrect email or password.] but found [Incorrect email or password.tttttt]
at Selenium.test.errorValidationTest.LoginErrorValidation(errorValidationTest.java:24)
at java.base/java.util.ArrayList.forEach(ArrayList.java:1511)
... Removed 33 stack frames]]>
    </failure>
  </testcase> <!-- LoginErrorValidation -->
  <testcase classname="Selenium.test.errorValidationTest" name="ProductErrorValidation" time="5.861"/>
</testsuite> <!-- errorValidationTest -->
