<?xml version="1.0" encoding="UTF-8"?>
<!-- Generated by org.testng.reporters.JUnitXMLReporter -->
<testsuite ignored="1" hostname="DELL" failures="2" tests="2" name="SingleGroupTest" time="26.689" errors="0" timestamp="2025-07-25T14:19:52 IST">
  <testcase classname="Selenium.test.submitOrderTest" name="SubmitOrder" time="9.342">
    <failure type="java.lang.AssertionError" message="expected [true] but found [false]">
      <![CDATA[java.lang.AssertionError: expected [true] but found [false]
at Selenium.test.submitOrderTest.SubmitOrder(submitOrderTest.java:41)
at java.base/java.util.ArrayList.forEach(ArrayList.java:1597)
... Removed 29 stack frames]]>
    </failure>
  </testcase> <!-- SubmitOrder -->
  <testcase classname="Selenium.test.submitOrderTest" name="SubmitOrder" time="9.444">
    <failure type="java.lang.AssertionError" message="expected [true] but found [false]">
      <![CDATA[java.lang.AssertionError: expected [true] but found [false]
at Selenium.test.submitOrderTest.SubmitOrder(submitOrderTest.java:41)
at java.base/java.util.ArrayList.forEach(ArrayList.java:1597)
... Removed 29 stack frames]]>
    </failure>
  </testcase> <!-- SubmitOrder -->
  <testcase classname="Selenium.test.submitOrderTest" name="varifyOrderDisplay" time="0.0">
    <ignored/>
  </testcase> <!-- varifyOrderDisplay -->
</testsuite> <!-- SingleGroupTest -->
