<?xml version="1.0" encoding="UTF-8"?>
<!-- Generated by org.testng.reporters.JUnitReportReporter -->
<testsuite hostname="DELL" failures="1" tests="1" name="cucumber.TestNGTestRunner" time="12.615" errors="0" timestamp="2025-07-25T15:07:09 IST" skipped="0">
  <testcase classname="cucumber.TestNGTestRunner" name="runScenario" time="12.615">
    <failure message="expected [true] but found [false]" type="java.lang.AssertionError">
      <![CDATA[java.lang.AssertionError: expected [true] but found [false]
at org.testng.Assert.fail(Assert.java:111)
at org.testng.Assert.failNotEquals(Assert.java:1578)
at org.testng.Assert.assertTrue(Assert.java:57)
at org.testng.Assert.assertTrue(Assert.java:67)
at Selenium.stepDefination.stepDefinationImpli.Checkout_Submit_order(stepDefinationImpli.java:49)
at âœ½.Checkout product ADIDAS ORIGINAL and submit the order(file:///C:/Users/ADMIN/git/SeleniumFrameworkDesign_TestNg_Cucumber/src/test/java/cucumber/SubmitOrder.feature:29)
]]>
    </failure>
  </testcase> <!-- runScenario -->
</testsuite> <!-- cucumber.TestNGTestRunner -->
